Logfile opened:


IP: 10.102.28.102  Port: 443
-------------------------------------
0300                ECDHE-RSA-AES256-SHA                   DATA READ FAILURE
0300                ECDHE-RSA-AES128-SHA                   DATA READ FAILURE
0300              ECDHE-RSA-DES-CBC3-SHA                   DATA READ FAILURE
0300                   ECDHE-RSA-RC4-SHA                   DATA READ FAILURE
0300                      ADH-AES256-SHA                   DATA READ FAILURE
0300                  DHE-RSA-AES256-SHA                   DATA READ FAILURE
0300                          AES256-SHA                   DATA READ FAILURE
0300                      ADH-AES128-SHA                   DATA READ FAILURE
0300                  DHE-RSA-AES128-SHA                   DATA READ FAILURE
0300                          AES128-SHA                   DATA READ FAILURE
0300                    ADH-DES-CBC3-SHA                   DATA READ FAILURE
0300                     ADH-DES-CBC-SHA                   DATA READ FAILURE
0300                         ADH-RC4-MD5                   DATA READ FAILURE
0300                 EDH-RSA-DES-CBC-SHA                   DATA READ FAILURE
0300                        DES-CBC3-SHA                   DATA READ FAILURE
0300                         DES-CBC-SHA                   DATA READ FAILURE
0300                     EXP-DES-CBC-SHA                   DATA READ FAILURE
0300                             RC4-SHA                   DATA READ FAILURE
0300                             RC4-MD5                   DATA READ FAILURE
0300                         EXP-RC4-MD5                   DATA READ FAILURE
0301                ECDHE-RSA-AES256-SHA                   DATA READ FAILURE
0301                ECDHE-RSA-AES128-SHA                   DATA READ FAILURE
0301              ECDHE-RSA-DES-CBC3-SHA                   DATA READ FAILURE
0301                   ECDHE-RSA-RC4-SHA                   DATA READ FAILURE
0301                      ADH-AES256-SHA                   DATA READ FAILURE
0301                  DHE-RSA-AES256-SHA                   DATA READ FAILURE
0301                          AES256-SHA                   DATA READ FAILURE
0301                      ADH-AES128-SHA                   DATA READ FAILURE
0301                  DHE-RSA-AES128-SHA                   DATA READ FAILURE
0301                          AES128-SHA                   DATA READ FAILURE
0301                    ADH-DES-CBC3-SHA                   DATA READ FAILURE
0301                     ADH-DES-CBC-SHA                   DATA READ FAILURE
0301                         ADH-RC4-MD5                   DATA READ FAILURE
0301                 EDH-RSA-DES-CBC-SHA                   DATA READ FAILURE
0301                        DES-CBC3-SHA                   DATA READ FAILURE
0301                         DES-CBC-SHA                   DATA READ FAILURE
0301                     EXP-DES-CBC-SHA                   DATA READ FAILURE
0301                             RC4-SHA                   DATA READ FAILURE
0301                             RC4-MD5                   DATA READ FAILURE
0301                         EXP-RC4-MD5                   DATA READ FAILURE
0302                ECDHE-RSA-AES256-SHA                   DATA READ FAILURE
0302                ECDHE-RSA-AES128-SHA                   DATA READ FAILURE
0302              ECDHE-RSA-DES-CBC3-SHA                   DATA READ FAILURE
0302                   ECDHE-RSA-RC4-SHA                   DATA READ FAILURE
0302                      ADH-AES256-SHA                   DATA READ FAILURE
0302                  DHE-RSA-AES256-SHA                   DATA READ FAILURE
0302                          AES256-SHA                   DATA READ FAILURE
0302                      ADH-AES128-SHA                   DATA READ FAILURE
0302                  DHE-RSA-AES128-SHA                   DATA READ FAILURE
0302                          AES128-SHA                   DATA READ FAILURE
0302                    ADH-DES-CBC3-SHA                   DATA READ FAILURE
0302                     ADH-DES-CBC-SHA                   DATA READ FAILURE
0302                         ADH-RC4-MD5                   DATA READ FAILURE
0302                 EDH-RSA-DES-CBC-SHA                   DATA READ FAILURE
0302                        DES-CBC3-SHA                   DATA READ FAILURE
0302                         DES-CBC-SHA                   DATA READ FAILURE
0302                     EXP-DES-CBC-SHA                   DATA READ FAILURE
0302                             RC4-SHA                   DATA READ FAILURE
0302                             RC4-MD5                   DATA READ FAILURE
0302                         EXP-RC4-MD5                   DATA READ FAILURE
0303         ECDHE-RSA-AES128-GCM-SHA256                   DATA READ FAILURE
0303             ECDHE-RSA-AES256-SHA384                   DATA READ FAILURE
0303             ECDHE-RSA-AES128-SHA256                   DATA READ FAILURE
0303                ECDHE-RSA-AES256-SHA                   DATA READ FAILURE
0303                ECDHE-RSA-AES128-SHA                   DATA READ FAILURE
0303                   ECDHE-RSA-RC4-SHA                   DATA READ FAILURE
0303           DHE-RSA-AES256-GCM-SHA384                   DATA READ FAILURE
0303           DHE-RSA-AES128-GCM-SHA256                   DATA READ FAILURE
0303                   AES256-GCM-SHA384                   DATA READ FAILURE
0303                   AES128-GCM-SHA256                   DATA READ FAILURE
0303               DHE-RSA-AES256-SHA256                   DATA READ FAILURE
0303               DHE-RSA-AES128-SHA256                   DATA READ FAILURE
0303                       AES256-SHA256                   DATA READ FAILURE
0303                       AES128-SHA256                   DATA READ FAILURE
0303                      ADH-AES256-SHA                   DATA READ FAILURE
0303                  DHE-RSA-AES256-SHA                   DATA READ FAILURE
0303                          AES256-SHA                   DATA READ FAILURE
0303                      ADH-AES128-SHA                   DATA READ FAILURE
0303                  DHE-RSA-AES128-SHA                   DATA READ FAILURE
0303                          AES128-SHA                   DATA READ FAILURE
0303                         ADH-RC4-MD5                   DATA READ FAILURE
0303                             RC4-SHA                   DATA READ FAILURE
0303                             RC4-MD5                   DATA READ FAILURE
