-----BEGIN SSL SESSION PARAMETERS-----
MIIEZQIBAQICAwEEAgA1BCD/5dEx9JhBZ3kXbhBDyUA3FpYAsWX7wbVF4ObaO3tr
XQQwmSO4V69z+Hlv5D/MOxyq2gfCuYb4abq9Z01yD5D2K0qsy1jlgYG4F9vaiHWV
dzktoQYCBFRRN7uiBAICHCCjggPrMIID5zCCAs+gAwIBAgIJALnu1NlVpZ6zMA0G
CSqGSIb3DQEBBQUAMHAxCzAJBgNVBAYTAlVLMRYwFAYDVQQKDA1PcGVuU1NMIEdy
b3VwMSIwIAYDVQQLDBlGT1IgVEVTVElORyBQVVJQT1NFUyBPTkxZMSUwIwYDVQQD
DBxPcGVuU1NMIFRlc3QgSW50ZXJtZWRpYXRlIENBMB4XDTExMTIwODE0MDE0OFoX
DTIxMTAxNjE0MDE0OFowZDELMAkGA1UEBhMCVUsxFjAUBgNVBAoMDU9wZW5TU0wg
R3JvdXAxIjAgBgNVBAsMGUZPUiBURVNUSU5HIFBVUlBPU0VTIE9OTFkxGTAXBgNV
BAMMEFRlc3QgU2VydmVyIENlcnQwggEiMA0GCSqGSIb3DQEBAQUAA4IBDwAwggEK
AoIBAQDzhPOSNtyyRspmeuUpxfNJKCLTuf7g3uQ4zu4iHOmRO5TQci+HhVlLZrHF
9XqFXcIP0y4pWDbMSGuiorUmzmfiR7bfSdI/+qIQt8KXRH6HNG1t8ou0VSvWId5T
S5Dq/er5ODUr9OaaDva7EquHIcMvvPQGuI+OEAcnleVCy9HVEIySrO4P3CNIicnG
kwwiAud05yUAq/gPXBC1hTtmlPD7TVcGVSEiJdvzqqlgv02qedGrkki6GY4S7GjZ
xrrf7Foc2EP+51LJzwLQx3/JfrCU41NEWAsu/Sl0tQabXESN+zJ1pDqoZ3uHMgpQ
jeGiE0olr+YcsSW/tJmiU9OiAr8RAgMBAAGjgY8wgYwwDAYDVR0TAQH/BAIwADAO
BgNVHQ8BAf8EBAMCBeAwLAYJYIZIAYb4QgENBB8WHU9wZW5TU0wgR2VuZXJhdGVk
IENlcnRpZmljYXRlMB0GA1UdDgQWBBSCvM8AABPR9zklmifnr9LvIBturDAfBgNV
HSMEGDAWgBQ2w2yI55X+sL3szj49hqshgYfa2jANBgkqhkiG9w0BAQUFAAOCAQEA
qb1NV0B0/pbpK9Z4/bNjzPQLTRLKWnSNm/Jh5v0GEUOE/Beg7GNjNrmeNmqxAlpq
Wz9qoeoFZax+QBpIZYjROU3TS3fpyLsrnlr0CDQ5R7kCCDGa8dkXxemmpZZLbUCp
W2Uoy8sAA4JjN9OtsZY7dvUXFgJ7vVNTRnI01ghknbtD+2SxSQd3CWF6QhcRMAzZ
J1z1cbbwGDDzfvGFPzJ+Sq+zEPdsxoVLLSetCiBc+40ZcDS5dV98h9XD7JMTQfxz
A7mNGv73JoZJA6nFgj+ADSlJsY/tJBv+z1iQRueoh9Qeee+ZbRifPouCB8FDx+Al
tvHTANdAq0t/K3o+pplMVKQCBAClAwIBFQ==
-----END SSL SESSION PARAMETERS-----
